<?xml version="1.0" encoding="UTF-8"?>
<!-- Generated by org.testng.reporters.JUnitReportReporter -->
<testsuite hostname="OPBLLT-SACHIN" name="com.spacex.api.GetLatestSpaceX" tests="1" failures="0" timestamp="8 Jun 2021 13:41:44 GMT" time="4.751" errors="0">
  <testcase name="getSpaceXLatest" time="4.751" classname="com.spacex.api.GetLatestSpaceX"/>
</testsuite> <!-- com.spacex.api.GetLatestSpaceX -->
