<?xml version="1.0" encoding="UTF-8"?>
<!-- Generated by org.testng.reporters.JUnitReportReporter -->
<testsuite hostname="OPBLLT-SACHIN" name="com.blazedemo.test.FlighBooking.TestFlightBooking" tests="1" failures="0" timestamp="8 Jun 2021 13:41:44 GMT" time="27.086" errors="0">
  <testcase name="flightBooking" time="27.086" classname="com.blazedemo.test.FlighBooking.TestFlightBooking"/>
</testsuite> <!-- com.blazedemo.test.FlighBooking.TestFlightBooking -->
